0 info it worked if it ends with ok
1 verbose cli [ '/usr/bin/node', '/usr/bin/npm', 'install' ]
2 info using npm@1.4.28
3 info using node@v0.10.37
4 verbose node symlink /usr/bin/node
5 verbose readDependencies using package.json deps
6 verbose install where, deps [ '/home/melkar/generic',
6 verbose install   [ 'body-parser',
6 verbose install     'cookie-parser',
6 verbose install     'serve-favicon',
6 verbose install     'ejs',
6 verbose install     'react',
6 verbose install     'express-session',
6 verbose install     'express',
6 verbose install     'mongodb',
6 verbose install     'morgan',
6 verbose install     'mongoose',
6 verbose install     'connect-mongo',
6 verbose install     'passport',
6 verbose install     'passport-facebook',
6 verbose install     'request' ] ]
7 info preinstall Generic@0.1.2
8 verbose readDependencies using package.json deps
9 verbose already installed skipping ejs@^2.3.1 /home/melkar/generic
10 verbose already installed skipping react@~0.13.1 /home/melkar/generic
11 verbose already installed skipping express-session@~1.0.3 /home/melkar/generic
12 verbose already installed skipping express@~4.9.x /home/melkar/generic
13 verbose already installed skipping mongodb@~1.4.30 /home/melkar/generic
14 verbose already installed skipping morgan@~1.5.1 /home/melkar/generic
15 verbose already installed skipping mongoose@~3.8.15 /home/melkar/generic
16 verbose cache add [ 'connect-mongo@git+https://github.com/kcbanner/connect-mongo.git#master',
16 verbose cache add   null ]
17 verbose cache add name=undefined spec="connect-mongo@git+https://github.com/kcbanner/connect-mongo.git#master" args=["connect-mongo@git+https://github.com/kcbanner/connect-mongo.git#master",null]
18 verbose parsed url { protocol: null,
18 verbose parsed url   slashes: null,
18 verbose parsed url   auth: null,
18 verbose parsed url   host: null,
18 verbose parsed url   port: null,
18 verbose parsed url   hostname: null,
18 verbose parsed url   hash: '#master',
18 verbose parsed url   search: null,
18 verbose parsed url   query: null,
18 verbose parsed url   pathname: 'connect-mongo@git+https://github.com/kcbanner/connect-mongo.git',
18 verbose parsed url   path: 'connect-mongo@git+https://github.com/kcbanner/connect-mongo.git',
18 verbose parsed url   href: 'connect-mongo@git+https://github.com/kcbanner/connect-mongo.git#master' }
19 verbose already installed skipping passport@~0.2.1 /home/melkar/generic
20 verbose cache add name="connect-mongo" spec="git+https://github.com/kcbanner/connect-mongo.git#master" args=["connect-mongo","git+https://github.com/kcbanner/connect-mongo.git#master"]
21 verbose parsed url { protocol: 'git+https:',
21 verbose parsed url   slashes: true,
21 verbose parsed url   auth: null,
21 verbose parsed url   host: 'github.com',
21 verbose parsed url   port: null,
21 verbose parsed url   hostname: 'github.com',
21 verbose parsed url   hash: '#master',
21 verbose parsed url   search: null,
21 verbose parsed url   query: null,
21 verbose parsed url   pathname: '/kcbanner/connect-mongo.git',
21 verbose parsed url   path: '/kcbanner/connect-mongo.git',
21 verbose parsed url   href: 'git+https://github.com/kcbanner/connect-mongo.git#master' }
22 silly lockFile 5141fe2c-b-com-kcbanner-connect-mongo-git https://github.com/kcbanner/connect-mongo.git
23 verbose lock https://github.com/kcbanner/connect-mongo.git /home/melkar/.npm/5141fe2c-b-com-kcbanner-connect-mongo-git.lock
24 verbose already installed skipping passport-facebook@~2.0.0 /home/melkar/generic
25 verbose cache add [ 'request@~2.54.0', null ]
26 verbose cache add name=undefined spec="request@~2.54.0" args=["request@~2.54.0",null]
27 verbose parsed url { protocol: null,
27 verbose parsed url   slashes: null,
27 verbose parsed url   auth: null,
27 verbose parsed url   host: null,
27 verbose parsed url   port: null,
27 verbose parsed url   hostname: null,
27 verbose parsed url   hash: null,
27 verbose parsed url   search: null,
27 verbose parsed url   query: null,
27 verbose parsed url   pathname: 'request@~2.54.0',
27 verbose parsed url   path: 'request@~2.54.0',
27 verbose parsed url   href: 'request@~2.54.0' }
28 verbose cache add name="request" spec="~2.54.0" args=["request","~2.54.0"]
29 verbose parsed url { protocol: null,
29 verbose parsed url   slashes: null,
29 verbose parsed url   auth: null,
29 verbose parsed url   host: null,
29 verbose parsed url   port: null,
29 verbose parsed url   hostname: null,
29 verbose parsed url   hash: null,
29 verbose parsed url   search: null,
29 verbose parsed url   query: null,
29 verbose parsed url   pathname: '~2.54.0',
29 verbose parsed url   path: '~2.54.0',
29 verbose parsed url   href: '~2.54.0' }
30 verbose addNamed [ 'request', '~2.54.0' ]
31 verbose addNamed [ null, '>=2.54.0-0 <2.55.0-0' ]
32 silly lockFile e5217aeb-request-2-54-0 request@~2.54.0
33 verbose lock request@~2.54.0 /home/melkar/.npm/e5217aeb-request-2-54-0.lock
34 verbose already installed skipping body-parser@~1.10.1 /home/melkar/generic
35 verbose already installed skipping cookie-parser@~1.3.3 /home/melkar/generic
36 verbose already installed skipping serve-favicon@~2.2.0 /home/melkar/generic
37 verbose addRemoteGit [ 'https://github.com/kcbanner/connect-mongo.git', 'master' ]
38 silly addNameRange { name: 'request',
38 silly addNameRange   range: '>=2.54.0-0 <2.55.0-0',
38 silly addNameRange   hasData: false }
39 verbose git remote.origin.url https://github.com/kcbanner/connect-mongo.git
40 verbose request where is /request
41 verbose request registry https://registry.npmjs.org/
42 verbose request id ef45f357eba9da8d
43 verbose url raw /request
44 verbose url resolving [ 'https://registry.npmjs.org/', './request' ]
45 verbose url resolved https://registry.npmjs.org/request
46 verbose request where is https://registry.npmjs.org/request
47 info trying registry request attempt 1 at 18:40:30
48 verbose etag "8AWZ28MQSONTPVO1TFK2AFUYM"
49 http GET https://registry.npmjs.org/request
50 http 200 https://registry.npmjs.org/request
51 silly registry.get cb [ 200,
51 silly registry.get   { date: 'Sat, 28 Mar 2015 10:40:31 GMT',
51 silly registry.get     server: 'CouchDB/1.5.0 (Erlang OTP/R16B03)',
51 silly registry.get     etag: '"EVZ41RKCTJJVP2Y9F1B75XJC7"',
51 silly registry.get     'content-type': 'application/json',
51 silly registry.get     'cache-control': 'max-age=60',
51 silly registry.get     'content-length': '143240',
51 silly registry.get     'accept-ranges': 'bytes',
51 silly registry.get     via: '1.1 varnish',
51 silly registry.get     age: '0',
51 silly registry.get     'x-served-by': 'cache-hkg6826-HKG',
51 silly registry.get     'x-cache': 'HIT',
51 silly registry.get     'x-cache-hits': '1',
51 silly registry.get     'x-timer': 'S1427539230.873757,VS0,VE671',
51 silly registry.get     vary: 'Accept',
51 silly registry.get     'keep-alive': 'timeout=10, max=50',
51 silly registry.get     connection: 'Keep-Alive' } ]
52 silly addNameRange number 2 { name: 'request', range: '>=2.54.0-0 <2.55.0-0', hasData: true }
53 silly addNameRange versions [ 'request',
53 silly addNameRange   [ '0.10.0',
53 silly addNameRange     '0.8.3',
53 silly addNameRange     '0.9.0',
53 silly addNameRange     '0.9.1',
53 silly addNameRange     '0.9.5',
53 silly addNameRange     '1.0.0',
53 silly addNameRange     '1.1.0',
53 silly addNameRange     '1.1.1',
53 silly addNameRange     '1.2.0',
53 silly addNameRange     '1.9.0',
53 silly addNameRange     '1.9.1',
53 silly addNameRange     '1.9.2',
53 silly addNameRange     '1.9.3',
53 silly addNameRange     '1.9.5',
53 silly addNameRange     '1.9.7',
53 silly addNameRange     '1.9.8',
53 silly addNameRange     '1.9.9',
53 silly addNameRange     '2.0.0',
53 silly addNameRange     '2.0.1',
53 silly addNameRange     '2.0.2',
53 silly addNameRange     '2.0.3',
53 silly addNameRange     '2.0.4',
53 silly addNameRange     '2.0.5',
53 silly addNameRange     '2.1.0',
53 silly addNameRange     '2.1.1',
53 silly addNameRange     '2.2.0',
53 silly addNameRange     '2.2.5',
53 silly addNameRange     '2.2.6',
53 silly addNameRange     '2.2.9',
53 silly addNameRange     '2.9.0',
53 silly addNameRange     '2.9.1',
53 silly addNameRange     '2.9.2',
53 silly addNameRange     '2.9.3',
53 silly addNameRange     '2.9.100',
53 silly addNameRange     '2.9.150',
53 silly addNameRange     '2.9.151',
53 silly addNameRange     '2.9.152',
53 silly addNameRange     '2.9.153',
53 silly addNameRange     '2.9.200',
53 silly addNameRange     '2.9.201',
53 silly addNameRange     '2.9.202',
53 silly addNameRange     '2.9.203',
53 silly addNameRange     '2.10.0',
53 silly addNameRange     '2.11.0',
53 silly addNameRange     '2.11.1',
53 silly addNameRange     '2.11.2',
53 silly addNameRange     '2.11.3',
53 silly addNameRange     '2.11.4',
53 silly addNameRange     '2.12.0',
53 silly addNameRange     '2.14.0',
53 silly addNameRange     '2.16.0',
53 silly addNameRange     '2.16.2',
53 silly addNameRange     '2.16.4',
53 silly addNameRange     '2.16.6',
53 silly addNameRange     '2.18.0',
53 silly addNameRange     '2.19.0',
53 silly addNameRange     '2.20.0',
53 silly addNameRange     '2.21.0',
53 silly addNameRange     '2.22.0',
53 silly addNameRange     '2.23.0',
53 silly addNameRange     '2.24.0',
53 silly addNameRange     '2.25.0',
53 silly addNameRange     '2.26.0',
53 silly addNameRange     '2.27.0',
53 silly addNameRange     '2.28.0',
53 silly addNameRange     '2.29.0',
53 silly addNameRange     '2.30.0',
53 silly addNameRange     '2.31.0',
53 silly addNameRange     '2.32.0',
53 silly addNameRange     '2.33.0',
53 silly addNameRange     '2.34.0',
53 silly addNameRange     '2.35.0',
53 silly addNameRange     '2.36.0',
53 silly addNameRange     '2.37.0',
53 silly addNameRange     '2.38.0',
53 silly addNameRange     '2.39.0',
53 silly addNameRange     '2.40.0',
53 silly addNameRange     '2.41.0',
53 silly addNameRange     '2.42.0',
53 silly addNameRange     '2.43.0',
53 silly addNameRange     '2.44.0',
53 silly addNameRange     '2.45.0',
53 silly addNameRange     '2.46.0',
53 silly addNameRange     '2.47.0',
53 silly addNameRange     '2.48.0',
53 silly addNameRange     '2.49.0',
53 silly addNameRange     '2.50.0',
53 silly addNameRange     '2.51.0',
53 silly addNameRange     '2.52.0',
53 silly addNameRange     '2.53.0',
53 silly addNameRange     '2.54.0' ] ]
54 verbose addNamed [ 'request', '2.54.0' ]
55 verbose addNamed [ '2.54.0', '2.54.0' ]
56 silly lockFile 130e7565-request-2-54-0 request@2.54.0
57 verbose lock request@2.54.0 /home/melkar/.npm/130e7565-request-2-54-0.lock
58 silly lockFile 52ed1240-s-org-request-request-2-54-0-tgz https://registry.npmjs.org/request/-/request-2.54.0.tgz
59 verbose lock https://registry.npmjs.org/request/-/request-2.54.0.tgz /home/melkar/.npm/52ed1240-s-org-request-request-2-54-0-tgz.lock
60 verbose addRemoteTarball [ 'https://registry.npmjs.org/request/-/request-2.54.0.tgz',
60 verbose addRemoteTarball   'a13917cd8e8fa73332da0bf2f84a30181def1953' ]
61 info retry fetch attempt 1 at 18:40:31
62 verbose fetch to= /tmp/npm-7892-voe8wA6s/registry.npmjs.org/request/-/request-2.54.0.tgz
63 http GET https://registry.npmjs.org/request/-/request-2.54.0.tgz
64 http 200 https://registry.npmjs.org/request/-/request-2.54.0.tgz
65 silly lockFile 52ed1240-s-org-request-request-2-54-0-tgz https://registry.npmjs.org/request/-/request-2.54.0.tgz
66 silly lockFile 52ed1240-s-org-request-request-2-54-0-tgz https://registry.npmjs.org/request/-/request-2.54.0.tgz
67 silly lockFile 130e7565-request-2-54-0 request@2.54.0
68 silly lockFile 130e7565-request-2-54-0 request@2.54.0
69 silly lockFile e5217aeb-request-2-54-0 request@~2.54.0
70 silly lockFile e5217aeb-request-2-54-0 request@~2.54.0
71 verbose git fetch -a origin (https://github.com/kcbanner/connect-mongo.git)
72 verbose git rev-list -n1 master 11748a0d4bfd7b00d1eb2432115c94fddd6fbfb1
73 verbose resolved git url git+https://github.com/kcbanner/connect-mongo.git#11748a0d4bfd7b00d1eb2432115c94fddd6fbfb1
74 verbose tar unpack /tmp/npm-7892-voe8wA6s/1427539233388-0.5331904613412917/tmp.tgz
75 silly lockFile 0ac9f4ea--5331904613412917-tmp-tgz-unpack tar:///tmp/npm-7892-voe8wA6s/1427539233388-0.5331904613412917/tmp.tgz-unpack
76 verbose lock tar:///tmp/npm-7892-voe8wA6s/1427539233388-0.5331904613412917/tmp.tgz-unpack /home/melkar/.npm/0ac9f4ea--5331904613412917-tmp-tgz-unpack.lock
77 silly lockFile 3650b0cc-33388-0-5331904613412917-tmp-tgz tar:///tmp/npm-7892-voe8wA6s/1427539233388-0.5331904613412917/tmp.tgz
78 verbose lock tar:///tmp/npm-7892-voe8wA6s/1427539233388-0.5331904613412917/tmp.tgz /home/melkar/.npm/3650b0cc-33388-0-5331904613412917-tmp-tgz.lock
79 silly gunzTarPerm modes [ '775', '664' ]
80 silly gunzTarPerm extractEntry
81 silly gunzTarPerm extractEntry .gitignore
82 silly gunzTarPerm extractEntry .jshintrc
83 silly gunzTarPerm extractEntry .npmignore
84 silly gunzTarPerm extractEntry .travis.yml
85 silly gunzTarPerm extractEntry Gruntfile.js
86 silly gunzTarPerm extractEntry History.md
87 silly gunzTarPerm extractEntry Makefile
88 silly gunzTarPerm extractEntry Readme.md
89 silly gunzTarPerm extractEntry index.js
90 silly gunzTarPerm extractEntry lib/
91 silly gunzTarPerm extractEntry lib/connect-mongo.js
92 silly gunzTarPerm extractEntry package.json
93 silly gunzTarPerm extractEntry test/
94 silly gunzTarPerm extractEntry test/connect-mongo.test.js
95 silly gunzTarPerm extractEntry test/mocha.opts
96 silly lockFile 0ac9f4ea--5331904613412917-tmp-tgz-unpack tar:///tmp/npm-7892-voe8wA6s/1427539233388-0.5331904613412917/tmp.tgz-unpack
97 silly lockFile 0ac9f4ea--5331904613412917-tmp-tgz-unpack tar:///tmp/npm-7892-voe8wA6s/1427539233388-0.5331904613412917/tmp.tgz-unpack
98 silly lockFile 3650b0cc-33388-0-5331904613412917-tmp-tgz tar:///tmp/npm-7892-voe8wA6s/1427539233388-0.5331904613412917/tmp.tgz
99 silly lockFile 3650b0cc-33388-0-5331904613412917-tmp-tgz tar:///tmp/npm-7892-voe8wA6s/1427539233388-0.5331904613412917/tmp.tgz
100 silly lockFile 5141fe2c-b-com-kcbanner-connect-mongo-git https://github.com/kcbanner/connect-mongo.git
101 silly lockFile 5141fe2c-b-com-kcbanner-connect-mongo-git https://github.com/kcbanner/connect-mongo.git
102 error Error: EACCES, mkdir '/home/melkar/.npm/request/2.54.0'
102 error  { [Error: EACCES, mkdir '/home/melkar/.npm/request/2.54.0']
102 error   errno: 3,
102 error   code: 'EACCES',
102 error   path: '/home/melkar/.npm/request/2.54.0',
102 error   parent: 'Generic' }
103 error Please try running this command again as root/Administrator.
104 error System Linux 3.13.0-46-generic
105 error command "/usr/bin/node" "/usr/bin/npm" "install"
106 error cwd /home/melkar/generic
107 error node -v v0.10.37
108 error npm -v 1.4.28
109 error path /home/melkar/.npm/request/2.54.0
110 error code EACCES
111 error errno 3
112 error stack Error: EACCES, mkdir '/home/melkar/.npm/request/2.54.0'
113 verbose exit [ 3, true ]
